<?xml version="1.0" encoding="UTF-8"?>
<testsuite name="com.gg.Test_App2.TestApp2ApplicationTests" tests="1" skipped="0" failures="0" errors="0" timestamp="2022-11-10T04:43:12" hostname="LAPTOP-MH95KH4A" time="0.334">
  <properties/>
  <testcase name="contextLoads()" classname="com.gg.Test_App2.TestApp2ApplicationTests" time="0.334"/>
  <system-out><![CDATA[13:43:10.065 [Test worker] DEBUG org.springframework.test.context.BootstrapUtils - Instantiating CacheAwareContextLoaderDelegate from class [org.springframework.test.context.cache.DefaultCacheAwareContextLoaderDelegate]
13:43:10.075 [Test worker] DEBUG org.springframework.test.context.BootstrapUtils - Instantiating BootstrapContext using constructor [public org.springframework.test.context.support.DefaultBootstrapContext(java.lang.Class,org.springframework.test.context.CacheAwareContextLoaderDelegate)]
13:43:10.101 [Test worker] DEBUG org.springframework.test.context.BootstrapUtils - Instantiating TestContextBootstrapper for test class [com.gg.Test_App2.TestApp2ApplicationTests] from class [org.springframework.boot.test.context.SpringBootTestContextBootstrapper]
13:43:10.108 [Test worker] INFO org.springframework.boot.test.context.SpringBootTestContextBootstrapper - Neither @ContextConfiguration nor @ContextHierarchy found for test class [com.gg.Test_App2.TestApp2ApplicationTests], using SpringBootContextLoader
13:43:10.113 [Test worker] DEBUG org.springframework.test.context.support.AbstractContextLoader - Did not detect default resource location for test class [com.gg.Test_App2.TestApp2ApplicationTests]: class path resource [com/gg/Test_App2/TestApp2ApplicationTests-context.xml] does not exist
13:43:10.114 [Test worker] DEBUG org.springframework.test.context.support.AbstractContextLoader - Did not detect default resource location for test class [com.gg.Test_App2.TestApp2ApplicationTests]: class path resource [com/gg/Test_App2/TestApp2ApplicationTestsContext.groovy] does not exist
13:43:10.114 [Test worker] INFO org.springframework.test.context.support.AbstractContextLoader - Could not detect default resource locations for test class [com.gg.Test_App2.TestApp2ApplicationTests]: no resource found for suffixes {-context.xml, Context.groovy}.
13:43:10.114 [Test worker] INFO org.springframework.test.context.support.AnnotationConfigContextLoaderUtils - Could not detect default configuration classes for test class [com.gg.Test_App2.TestApp2ApplicationTests]: TestApp2ApplicationTests does not declare any static, non-private, non-final, nested classes annotated with @Configuration.
13:43:10.145 [Test worker] DEBUG org.springframework.test.context.support.ActiveProfilesUtils - Could not find an 'annotation declaring class' for annotation type [org.springframework.test.context.ActiveProfiles] and class [com.gg.Test_App2.TestApp2ApplicationTests]
13:43:10.190 [Test worker] DEBUG org.springframework.context.annotation.ClassPathScanningCandidateComponentProvider - Identified candidate component class: file [C:\Users\tntls\industry\2022_industry_cooperation\Test_App2\build\classes\java\main\com\gg\TestApp2Application.class]
13:43:10.191 [Test worker] INFO org.springframework.boot.test.context.SpringBootTestContextBootstrapper - Found @SpringBootConfiguration com.gg.TestApp2Application for test class com.gg.Test_App2.TestApp2ApplicationTests
13:43:10.270 [Test worker] DEBUG org.springframework.boot.test.context.SpringBootTestContextBootstrapper - @TestExecutionListeners is not present for class [com.gg.Test_App2.TestApp2ApplicationTests]: using defaults.
13:43:10.271 [Test worker] INFO org.springframework.boot.test.context.SpringBootTestContextBootstrapper - Loaded default TestExecutionListener class names from location [META-INF/spring.factories]: [org.springframework.boot.test.autoconfigure.restdocs.RestDocsTestExecutionListener, org.springframework.boot.test.autoconfigure.web.client.MockRestServiceServerResetTestExecutionListener, org.springframework.boot.test.autoconfigure.web.servlet.MockMvcPrintOnlyOnFailureTestExecutionListener, org.springframework.boot.test.autoconfigure.web.servlet.WebDriverTestExecutionListener, org.springframework.boot.test.autoconfigure.webservices.client.MockWebServiceServerTestExecutionListener, org.springframework.boot.test.mock.mockito.MockitoTestExecutionListener, org.springframework.boot.test.mock.mockito.ResetMocksTestExecutionListener, org.springframework.test.context.web.ServletTestExecutionListener, org.springframework.test.context.support.DirtiesContextBeforeModesTestExecutionListener, org.springframework.test.context.event.ApplicationEventsTestExecutionListener, org.springframework.test.context.support.DependencyInjectionTestExecutionListener, org.springframework.test.context.support.DirtiesContextTestExecutionListener, org.springframework.test.context.transaction.TransactionalTestExecutionListener, org.springframework.test.context.jdbc.SqlScriptsTestExecutionListener, org.springframework.test.context.event.EventPublishingTestExecutionListener]
13:43:10.285 [Test worker] INFO org.springframework.boot.test.context.SpringBootTestContextBootstrapper - Using TestExecutionListeners: [org.springframework.test.context.web.ServletTestExecutionListener@5745da0d, org.springframework.test.context.support.DirtiesContextBeforeModesTestExecutionListener@28d2ac60, org.springframework.test.context.event.ApplicationEventsTestExecutionListener@7311820a, org.springframework.boot.test.mock.mockito.MockitoTestExecutionListener@78ad918d, org.springframework.boot.test.autoconfigure.SpringBootDependencyInjectionTestExecutionListener@141b927, org.springframework.test.context.support.DirtiesContextTestExecutionListener@3ccda4c3, org.springframework.test.context.transaction.TransactionalTestExecutionListener@43b37082, org.springframework.test.context.jdbc.SqlScriptsTestExecutionListener@5786a080, org.springframework.test.context.event.EventPublishingTestExecutionListener@5b02a3d6, org.springframework.boot.test.autoconfigure.restdocs.RestDocsTestExecutionListener@ab8ffc9, org.springframework.boot.test.autoconfigure.web.client.MockRestServiceServerResetTestExecutionListener@5257a97c, org.springframework.boot.test.autoconfigure.web.servlet.MockMvcPrintOnlyOnFailureTestExecutionListener@30b79116, org.springframework.boot.test.autoconfigure.web.servlet.WebDriverTestExecutionListener@7ee588c5, org.springframework.boot.test.autoconfigure.webservices.client.MockWebServiceServerTestExecutionListener@336e6667, org.springframework.boot.test.mock.mockito.ResetMocksTestExecutionListener@5c1d353f]
13:43:10.287 [Test worker] DEBUG org.springframework.test.context.support.AbstractDirtiesContextTestExecutionListener - Before test class: context [DefaultTestContext@5a56e4bc testClass = TestApp2ApplicationTests, testInstance = [null], testMethod = [null], testException = [null], mergedContextConfiguration = [WebMergedContextConfiguration@67f9d2ac testClass = TestApp2ApplicationTests, locations = '{}', classes = '{class com.gg.TestApp2Application}', contextInitializerClasses = '[]', activeProfiles = '{}', propertySourceLocations = '{}', propertySourceProperties = '{org.springframework.boot.test.context.SpringBootTestContextBootstrapper=true}', contextCustomizers = set[org.springframework.boot.test.autoconfigure.actuate.metrics.MetricsExportContextCustomizerFactory$DisableMetricExportContextCustomizer@1fdbe1d8, org.springframework.boot.test.autoconfigure.properties.PropertyMappingContextCustomizer@0, org.springframework.boot.test.autoconfigure.web.servlet.WebDriverContextCustomizerFactory$Customizer@e42ca62, org.springframework.boot.test.context.filter.ExcludeFilterContextCustomizer@1a6bcd25, org.springframework.boot.test.json.DuplicateJsonObjectContextCustomizerFactory$DuplicateJsonObjectContextCustomizer@691d0a69, org.springframework.boot.test.mock.mockito.MockitoContextCustomizer@0, org.springframework.boot.test.web.client.TestRestTemplateContextCustomizer@456fa1c8, org.springframework.boot.test.context.SpringBootTestArgs@1, org.springframework.boot.test.context.SpringBootTestWebEnvironment@1d52b597], resourceBasePath = 'src/main/webapp', contextLoader = 'org.springframework.boot.test.context.SpringBootContextLoader', parent = [null]], attributes = map['org.springframework.test.context.web.ServletTestExecutionListener.activateListener' -> true]], class annotated with @DirtiesContext [false] with mode [null].
13:43:10.313 [Test worker] DEBUG org.springframework.test.context.support.TestPropertySourceUtils - Adding inlined properties to environment: {spring.jmx.enabled=false, org.springframework.boot.test.context.SpringBootTestContextBootstrapper=true}

  .   ____          _            __ _ _
 /\\ / ___'_ __ _ _(_)_ __  __ _ \ \ \ \
( ( )\___ | '_ | '_| | '_ \/ _` | \ \ \ \
 \\/  ___)| |_)| | | | | || (_| |  ) ) ) )
  '  |____| .__|_| |_|_| |_\__, | / / / /
 =========|_|==============|___/=/_/_/_/
 :: Spring Boot ::                (v2.5.4)

2022-11-10 13:43:10.529  INFO 52372 --- [    Test worker] c.gg.Test_App2.TestApp2ApplicationTests  : Starting TestApp2ApplicationTests using Java 16.0.2 on LAPTOP-MH95KH4A with PID 52372 (started by tntls in C:\Users\tntls\industry\2022_industry_cooperation\Test_App2)
2022-11-10 13:43:10.532  INFO 52372 --- [    Test worker] c.gg.Test_App2.TestApp2ApplicationTests  : No active profile set, falling back to default profiles: default
2022-11-10 13:43:11.236  WARN 52372 --- [    Test worker] o.m.s.mapper.ClassPathMapperScanner      : No MyBatis mapper was found in '[com.gg]' package. Please check your configuration.
2022-11-10 13:43:12.078  INFO 52372 --- [    Test worker] o.s.b.a.w.s.WelcomePageHandlerMapping    : Adding welcome page: class path resource [static/index.html]
2022-11-10 13:43:12.294  INFO 52372 --- [    Test worker] c.gg.Test_App2.TestApp2ApplicationTests  : Started TestApp2ApplicationTests in 1.975 seconds (JVM running for 2.758)
]]></system-out>
  <system-err><![CDATA[]]></system-err>
</testsuite>
