<?xml version="1.0" encoding="UTF-8"?>
<testsuite name="com.gg.Test_App2.TestApp2ApplicationTests" tests="1" skipped="0" failures="0" errors="0" timestamp="2022-11-10T04:02:40" hostname="LAPTOP-MH95KH4A" time="0.402">
  <properties/>
  <testcase name="contextLoads()" classname="com.gg.Test_App2.TestApp2ApplicationTests" time="0.402"/>
  <system-out><![CDATA[13:02:37.602 [Test worker] DEBUG org.springframework.test.context.BootstrapUtils - Instantiating CacheAwareContextLoaderDelegate from class [org.springframework.test.context.cache.DefaultCacheAwareContextLoaderDelegate]
13:02:37.610 [Test worker] DEBUG org.springframework.test.context.BootstrapUtils - Instantiating BootstrapContext using constructor [public org.springframework.test.context.support.DefaultBootstrapContext(java.lang.Class,org.springframework.test.context.CacheAwareContextLoaderDelegate)]
13:02:37.634 [Test worker] DEBUG org.springframework.test.context.BootstrapUtils - Instantiating TestContextBootstrapper for test class [com.gg.Test_App2.TestApp2ApplicationTests] from class [org.springframework.boot.test.context.SpringBootTestContextBootstrapper]
13:02:37.650 [Test worker] INFO org.springframework.boot.test.context.SpringBootTestContextBootstrapper - Neither @ContextConfiguration nor @ContextHierarchy found for test class [com.gg.Test_App2.TestApp2ApplicationTests], using SpringBootContextLoader
13:02:37.650 [Test worker] DEBUG org.springframework.test.context.support.AbstractContextLoader - Did not detect default resource location for test class [com.gg.Test_App2.TestApp2ApplicationTests]: class path resource [com/gg/Test_App2/TestApp2ApplicationTests-context.xml] does not exist
13:02:37.650 [Test worker] DEBUG org.springframework.test.context.support.AbstractContextLoader - Did not detect default resource location for test class [com.gg.Test_App2.TestApp2ApplicationTests]: class path resource [com/gg/Test_App2/TestApp2ApplicationTestsContext.groovy] does not exist
13:02:37.650 [Test worker] INFO org.springframework.test.context.support.AbstractContextLoader - Could not detect default resource locations for test class [com.gg.Test_App2.TestApp2ApplicationTests]: no resource found for suffixes {-context.xml, Context.groovy}.
13:02:37.650 [Test worker] INFO org.springframework.test.context.support.AnnotationConfigContextLoaderUtils - Could not detect default configuration classes for test class [com.gg.Test_App2.TestApp2ApplicationTests]: TestApp2ApplicationTests does not declare any static, non-private, non-final, nested classes annotated with @Configuration.
13:02:37.682 [Test worker] DEBUG org.springframework.test.context.support.ActiveProfilesUtils - Could not find an 'annotation declaring class' for annotation type [org.springframework.test.context.ActiveProfiles] and class [com.gg.Test_App2.TestApp2ApplicationTests]
13:02:37.730 [Test worker] DEBUG org.springframework.context.annotation.ClassPathScanningCandidateComponentProvider - Identified candidate component class: file [C:\Users\tntls\industry\2022_industry_cooperation\Test_App2\build\classes\java\main\com\gg\TestApp2Application.class]
13:02:37.730 [Test worker] INFO org.springframework.boot.test.context.SpringBootTestContextBootstrapper - Found @SpringBootConfiguration com.gg.TestApp2Application for test class com.gg.Test_App2.TestApp2ApplicationTests
13:02:37.810 [Test worker] DEBUG org.springframework.boot.test.context.SpringBootTestContextBootstrapper - @TestExecutionListeners is not present for class [com.gg.Test_App2.TestApp2ApplicationTests]: using defaults.
13:02:37.810 [Test worker] INFO org.springframework.boot.test.context.SpringBootTestContextBootstrapper - Loaded default TestExecutionListener class names from location [META-INF/spring.factories]: [org.springframework.boot.test.autoconfigure.restdocs.RestDocsTestExecutionListener, org.springframework.boot.test.autoconfigure.web.client.MockRestServiceServerResetTestExecutionListener, org.springframework.boot.test.autoconfigure.web.servlet.MockMvcPrintOnlyOnFailureTestExecutionListener, org.springframework.boot.test.autoconfigure.web.servlet.WebDriverTestExecutionListener, org.springframework.boot.test.autoconfigure.webservices.client.MockWebServiceServerTestExecutionListener, org.springframework.boot.test.mock.mockito.MockitoTestExecutionListener, org.springframework.boot.test.mock.mockito.ResetMocksTestExecutionListener, org.springframework.test.context.web.ServletTestExecutionListener, org.springframework.test.context.support.DirtiesContextBeforeModesTestExecutionListener, org.springframework.test.context.event.ApplicationEventsTestExecutionListener, org.springframework.test.context.support.DependencyInjectionTestExecutionListener, org.springframework.test.context.support.DirtiesContextTestExecutionListener, org.springframework.test.context.transaction.TransactionalTestExecutionListener, org.springframework.test.context.jdbc.SqlScriptsTestExecutionListener, org.springframework.test.context.event.EventPublishingTestExecutionListener]
13:02:37.826 [Test worker] INFO org.springframework.boot.test.context.SpringBootTestContextBootstrapper - Using TestExecutionListeners: [org.springframework.test.context.web.ServletTestExecutionListener@29c63a88, org.springframework.test.context.support.DirtiesContextBeforeModesTestExecutionListener@1f5d7d27, org.springframework.test.context.event.ApplicationEventsTestExecutionListener@2d54c7b6, org.springframework.boot.test.mock.mockito.MockitoTestExecutionListener@b744b48, org.springframework.boot.test.autoconfigure.SpringBootDependencyInjectionTestExecutionListener@13fe32d4, org.springframework.test.context.support.DirtiesContextTestExecutionListener@673ec1c9, org.springframework.test.context.transaction.TransactionalTestExecutionListener@6cdcd3ef, org.springframework.test.context.jdbc.SqlScriptsTestExecutionListener@45dbeb37, org.springframework.test.context.event.EventPublishingTestExecutionListener@275109ca, org.springframework.boot.test.autoconfigure.restdocs.RestDocsTestExecutionListener@36f0b460, org.springframework.boot.test.autoconfigure.web.client.MockRestServiceServerResetTestExecutionListener@3cb94afa, org.springframework.boot.test.autoconfigure.web.servlet.MockMvcPrintOnlyOnFailureTestExecutionListener@26218c09, org.springframework.boot.test.autoconfigure.web.servlet.WebDriverTestExecutionListener@991de5e, org.springframework.boot.test.autoconfigure.webservices.client.MockWebServiceServerTestExecutionListener@3af138b8, org.springframework.boot.test.mock.mockito.ResetMocksTestExecutionListener@4c694b86]
13:02:37.834 [Test worker] DEBUG org.springframework.test.context.support.AbstractDirtiesContextTestExecutionListener - Before test class: context [DefaultTestContext@3be7685e testClass = TestApp2ApplicationTests, testInstance = [null], testMethod = [null], testException = [null], mergedContextConfiguration = [WebMergedContextConfiguration@73c3f741 testClass = TestApp2ApplicationTests, locations = '{}', classes = '{class com.gg.TestApp2Application}', contextInitializerClasses = '[]', activeProfiles = '{}', propertySourceLocations = '{}', propertySourceProperties = '{org.springframework.boot.test.context.SpringBootTestContextBootstrapper=true}', contextCustomizers = set[org.springframework.boot.test.autoconfigure.actuate.metrics.MetricsExportContextCustomizerFactory$DisableMetricExportContextCustomizer@4a398020, org.springframework.boot.test.autoconfigure.properties.PropertyMappingContextCustomizer@0, org.springframework.boot.test.autoconfigure.web.servlet.WebDriverContextCustomizerFactory$Customizer@6d2f34b, org.springframework.boot.test.context.filter.ExcludeFilterContextCustomizer@260a52a, org.springframework.boot.test.json.DuplicateJsonObjectContextCustomizerFactory$DuplicateJsonObjectContextCustomizer@7492d436, org.springframework.boot.test.mock.mockito.MockitoContextCustomizer@0, org.springframework.boot.test.web.client.TestRestTemplateContextCustomizer@3e147b9, org.springframework.boot.test.context.SpringBootTestArgs@1, org.springframework.boot.test.context.SpringBootTestWebEnvironment@2104b7cc], resourceBasePath = 'src/main/webapp', contextLoader = 'org.springframework.boot.test.context.SpringBootContextLoader', parent = [null]], attributes = map['org.springframework.test.context.web.ServletTestExecutionListener.activateListener' -> true]], class annotated with @DirtiesContext [false] with mode [null].
13:02:37.858 [Test worker] DEBUG org.springframework.test.context.support.TestPropertySourceUtils - Adding inlined properties to environment: {spring.jmx.enabled=false, org.springframework.boot.test.context.SpringBootTestContextBootstrapper=true}

  .   ____          _            __ _ _
 /\\ / ___'_ __ _ _(_)_ __  __ _ \ \ \ \
( ( )\___ | '_ | '_| | '_ \/ _` | \ \ \ \
 \\/  ___)| |_)| | | | | || (_| |  ) ) ) )
  '  |____| .__|_| |_|_| |_\__, | / / / /
 =========|_|==============|___/=/_/_/_/
 :: Spring Boot ::                (v2.5.4)

2022-11-10 13:02:38.113  INFO 45832 --- [    Test worker] c.gg.Test_App2.TestApp2ApplicationTests  : Starting TestApp2ApplicationTests using Java 16.0.2 on LAPTOP-MH95KH4A with PID 45832 (started by tntls in C:\Users\tntls\industry\2022_industry_cooperation\Test_App2)
2022-11-10 13:02:38.117  INFO 45832 --- [    Test worker] c.gg.Test_App2.TestApp2ApplicationTests  : No active profile set, falling back to default profiles: default
2022-11-10 13:02:38.796  WARN 45832 --- [    Test worker] o.m.s.mapper.ClassPathMapperScanner      : No MyBatis mapper was found in '[com.gg]' package. Please check your configuration.
2022-11-10 13:02:39.755  INFO 45832 --- [    Test worker] o.s.b.a.w.s.WelcomePageHandlerMapping    : Adding welcome page: class path resource [static/index.html]
2022-11-10 13:02:39.987  INFO 45832 --- [    Test worker] c.gg.Test_App2.TestApp2ApplicationTests  : Started TestApp2ApplicationTests in 2.123 seconds (JVM running for 3.019)
]]></system-out>
  <system-err><![CDATA[]]></system-err>
</testsuite>
